<?xml version="1.0" encoding="UTF-8"?>
<!-- Generated by org.testng.reporters.JUnitXMLReporter -->
<testsuite hostname="C02Q46RYFVH7" ignored="0" name="Default test" tests="4" failures="0" timestamp="2020-05-03T10:55:22 IST" time="4.932" errors="0">
  <testcase name="getApiResponseWithoutUsingUtils" time="3.142" classname="com.api.test.TestApi_01"/>
  <testcase name="getCallUsingUtils" time="0.395" classname="com.api.test.TestApi_01"/>
  <testcase name="postCallUsingSetOfData" time="0.809" classname="com.api.test.TestApi_01"/>
  <testcase name="postCallUsingUtils" time="0.519" classname="com.api.test.TestApi_01"/>
</testsuite> <!-- Default test -->
