<?xml version="1.0" encoding="UTF-8"?>
<!-- Generated by org.testng.reporters.JUnitXMLReporter -->
<testsuite hostname="RYSENZ-PC" ignored="0" name="Default test" tests="3" failures="0" timestamp="2020-05-03T08:17:07 IST" time="10.204" errors="0">
  <testcase name="getApiResponseWithoutUsingUtils" time="6.854" classname="com.api.test.TestApi_01"/>
  <testcase name="getCallUsingUtils" time="0.439" classname="com.api.test.TestApi_01"/>
  <testcase name="postCallUsingUtils" time="2.794" classname="com.api.test.TestApi_01"/>
</testsuite> <!-- Default test -->
