<?xml version="1.0" encoding="UTF-8"?>
<testng-results skipped="0" failed="0" ignored="0" total="4" passed="4">
  <reporter-output>
  </reporter-output>
  <suite name="Default suite" duration-ms="4932" started-at="2020-05-03T10:55:17 IST" finished-at="2020-05-03T10:55:22 IST">
    <groups>
    </groups>
    <test name="Default test" duration-ms="4932" started-at="2020-05-03T10:55:17 IST" finished-at="2020-05-03T10:55:22 IST">
      <class name="com.api.test.TestApi_01">
        <test-method status="PASS" signature="getApiResponseWithoutUsingUtils()[pri:0, instance:com.api.test.TestApi_01@10bbd20a]" name="getApiResponseWithoutUsingUtils" duration-ms="3142" started-at="2020-05-03T10:55:17 IST" finished-at="2020-05-03T10:55:20 IST">
          <reporter-output>
          </reporter-output>
        </test-method> <!-- getApiResponseWithoutUsingUtils -->
        <test-method status="PASS" signature="getCallUsingUtils()[pri:0, instance:com.api.test.TestApi_01@10bbd20a]" name="getCallUsingUtils" duration-ms="395" started-at="2020-05-03T10:55:20 IST" finished-at="2020-05-03T10:55:20 IST">
          <reporter-output>
          </reporter-output>
        </test-method> <!-- getCallUsingUtils -->
        <test-method status="PASS" signature="postCallUsingSetOfData(com.api.utils.GenerateTokenInputDTO)[pri:0, instance:com.api.test.TestApi_01@10bbd20a]" name="postCallUsingSetOfData" duration-ms="809" started-at="2020-05-03T10:55:20 IST" data-provider="dpInputs" finished-at="2020-05-03T10:55:21 IST">
          <params>
            <param index="0">
              <value>
                <![CDATA[com.api.utils.GenerateTokenInputDTO@47404bea]]>
              </value>
            </param>
          </params>
          <reporter-output>
          </reporter-output>
        </test-method> <!-- postCallUsingSetOfData -->
        <test-method status="PASS" signature="postCallUsingUtils()[pri:0, instance:com.api.test.TestApi_01@10bbd20a]" name="postCallUsingUtils" duration-ms="519" started-at="2020-05-03T10:55:21 IST" finished-at="2020-05-03T10:55:22 IST">
          <reporter-output>
          </reporter-output>
        </test-method> <!-- postCallUsingUtils -->
      </class> <!-- com.api.test.TestApi_01 -->
    </test> <!-- Default test -->
  </suite> <!-- Default suite -->
</testng-results>
